# JRE version: Java(TM) SE Runtime Environment (26.0.1+8) (build 26.0.1+8-34)
# Java VM: Java HotSpot(TM) 64-Bit Server VM (26.0.1+8-34, mixed mode, sharing, tiered, compressed oops, compressed class ptrs, g1 gc, windows-amd64)
GC Precious Log:
 CardTable entry size: 512
 Card Set container configuration: InlinePtr #cards 5 size 8 Array Of Cards #cards 10 size 36 Howl #buckets 4 coarsen threshold 1843 Howl Bitmap #cards 512 size 80 coarsen threshold 460 Card regions per heap region 1 cards per card region 2048
 CPUs: 8 total, 8 available
 Memory: 5877M
 Large Page Support: Disabled
 NUMA Support: Disabled
 Compressed Oops: Enabled (32-bit)
 Heap Region Size: 1M
 Heap Min Capacity: 8M
 Heap Initial Capacity: 8M
 Heap Max Capacity: 1470M
 Pre-touch: Disabled
 Parallel Workers: 8
 Concurrent Workers: 2
 Concurrent Refinement Workers: 8
 Periodic GC: Disabled
Heap:
 garbage-first heap   total reserved 1505280K, committed 41984K, used 29140K [0x00000000a4200000, 0x0000000100000000)
  region size 1M, 14 eden (14M), 2 survivor (2M), 15 old (15M), 0 humongous (0M), 10 free (10M)
GC Heap Usage History (20 events):
Event: 2.760 {heap Before GC invocations=11 (full 0):
 garbage-first heap   total reserved 1505280K, committed 24576K, used 18957K [0x00000000a4200000, 0x0000000100000000)
  region size 1M, 12 eden (12M), 2 survivor (2M), 6 old (6M), 0 humongous (0M), 4 free (4M)
}
Event: 2.767 {heap After GC invocations=12 (full 0):
 garbage-first heap   total reserved 1505280K, committed 24576K, used 8565K [0x00000000a4200000, 0x0000000100000000)
  region size 1M, 0 eden (0M), 2 survivor (2M), 8 old (8M), 0 humongous (0M), 14 free (14M)
}
Event: 3.202 {heap Before GC invocations=12 (full 0):
 garbage-first heap   total reserved 1505280K, committed 24576K, used 18805K [0x00000000a4200000, 0x0000000100000000)
  region size 1M, 11 eden (11M), 2 survivor (2M), 8 old (8M), 0 humongous (0M), 3 free (3M)
}
Event: 3.208 {heap After GC invocations=13 (full 0):
 garbage-first heap   total reserved 1505280K, committed 24576K, used 9265K [0x00000000a4200000, 0x0000000100000000)
  region size 1M, 0 eden (0M), 1 survivor (1M), 9 old (9M), 0 humongous (0M), 14 free (14M)
}
Event: 3.460 {heap Before GC invocations=13 (full 0):
 garbage-first heap   total reserved 1505280K, committed 24576K, used 19505K [0x00000000a4200000, 0x0000000100000000)
  region size 1M, 11 eden (11M), 1 survivor (1M), 9 old (9M), 0 humongous (0M), 3 free (3M)
}
Event: 3.464 {heap After GC invocations=14 (full 0):
 garbage-first heap   total reserved 1505280K, committed 24576K, used 10038K [0x00000000a4200000, 0x0000000100000000)
  region size 1M, 0 eden (0M), 2 survivor (2M), 9 old (9M), 0 humongous (0M), 13 free (13M)
}
Event: 3.646 {heap Before GC invocations=14 (full 0):
 garbage-first heap   total reserved 1505280K, committed 24576K, used 20278K [0x00000000a4200000, 0x0000000100000000)
  region size 1M, 10 eden (10M), 2 survivor (2M), 9 old (9M), 0 humongous (0M), 3 free (3M)
}
Event: 3.650 {heap After GC invocations=15 (full 0):
 garbage-first heap   total reserved 1505280K, committed 31744K, used 10545K [0x00000000a4200000, 0x0000000100000000)
  region size 1M, 0 eden (0M), 2 survivor (2M), 10 old (10M), 0 humongous (0M), 19 free (19M)
}
Event: 3.869 {heap Before GC invocations=15 (full 0):
 garbage-first heap   total reserved 1505280K, committed 31744K, used 25905K [0x00000000a4200000, 0x0000000100000000)
  region size 1M, 16 eden (16M), 2 survivor (2M), 10 old (10M), 0 humongous (0M), 3 free (3M)
}
Event: 3.874 {heap After GC invocations=16 (full 0):
 garbage-first heap   total reserved 1505280K, committed 31744K, used 11905K [0x00000000a4200000, 0x0000000100000000)
  region size 1M, 0 eden (0M), 3 survivor (3M), 10 old (10M), 0 humongous (0M), 18 free (18M)
}
Event: 4.234 {heap Before GC invocations=16 (full 0):
 garbage-first heap   total reserved 1505280K, committed 31744K, used 27265K [0x00000000a4200000, 0x0000000100000000)
  region size 1M, 15 eden (15M), 3 survivor (3M), 10 old (10M), 0 humongous (0M), 3 free (3M)
}
Event: 4.239 {heap After GC invocations=17 (full 0):
 garbage-first heap   total reserved 1505280K, committed 31744K, used 12146K [0x00000000a4200000, 0x0000000100000000)
  region size 1M, 0 eden (0M), 2 survivor (2M), 11 old (11M), 0 humongous (0M), 18 free (18M)
}
Event: 4.687 {heap Before GC invocations=17 (full 0):
 garbage-first heap   total reserved 1505280K, committed 31744K, used 27506K [0x00000000a4200000, 0x0000000100000000)
  region size 1M, 15 eden (15M), 2 survivor (2M), 11 old (11M), 0 humongous (0M), 3 free (3M)
}
Event: 4.693 {heap After GC invocations=18 (full 0):
 garbage-first heap   total reserved 1505280K, committed 31744K, used 13366K [0x00000000a4200000, 0x0000000100000000)
  region size 1M, 0 eden (0M), 2 survivor (2M), 12 old (12M), 0 humongous (0M), 17 free (17M)
}
Event: 4.984 {heap Before GC invocations=18 (full 0):
 garbage-first heap   total reserved 1505280K, committed 31744K, used 27702K [0x00000000a4200000, 0x0000000100000000)
  region size 1M, 14 eden (14M), 2 survivor (2M), 12 old (12M), 0 humongous (0M), 3 free (3M)
}
Event: 4.989 {heap After GC invocations=19 (full 0):
 garbage-first heap   total reserved 1505280K, committed 41984K, used 14097K [0x00000000a4200000, 0x0000000100000000)
  region size 1M, 0 eden (0M), 1 survivor (1M), 14 old (14M), 0 humongous (0M), 26 free (26M)
}
Event: 5.694 {heap Before GC invocations=19 (full 0):
 garbage-first heap   total reserved 1505280K, committed 41984K, used 36625K [0x00000000a4200000, 0x0000000100000000)
  region size 1M, 23 eden (23M), 1 survivor (1M), 14 old (14M), 0 humongous (0M), 3 free (3M)
}
Event: 5.697 {heap After GC invocations=20 (full 0):
 garbage-first heap   total reserved 1505280K, committed 41984K, used 15285K [0x00000000a4200000, 0x0000000100000000)
  region size 1M, 0 eden (0M), 2 survivor (2M), 14 old (14M), 0 humongous (0M), 25 free (25M)
}
Event: 6.033 {heap Before GC invocations=20 (full 0):
 garbage-first heap   total reserved 1505280K, committed 41984K, used 36789K [0x00000000a4200000, 0x0000000100000000)
  region size 1M, 21 eden (21M), 2 survivor (2M), 14 old (14M), 0 humongous (0M), 4 free (4M)
}
Event: 6.039 {heap After GC invocations=21 (full 0):
 garbage-first heap   total reserved 1505280K, committed 41984K, used 15828K [0x00000000a4200000, 0x0000000100000000)
  region size 1M, 0 eden (0M), 2 survivor (2M), 15 old (15M), 0 humongous (0M), 24 free (24M)
}

