# JRE version: Java(TM) SE Runtime Environment (26.0.1+8) (build 26.0.1+8-34)
# Java VM: Java HotSpot(TM) 64-Bit Server VM (26.0.1+8-34, mixed mode, sharing, tiered, compressed oops, compressed class ptrs, g1 gc, windows-amd64)
GC Precious Log:
 CardTable entry size: 512
 Card Set container configuration: InlinePtr #cards 5 size 8 Array Of Cards #cards 10 size 36 Howl #buckets 4 coarsen threshold 1843 Howl Bitmap #cards 512 size 80 coarsen threshold 460 Card regions per heap region 1 cards per card region 2048
 CPUs: 8 total, 8 available
 Memory: 5877M
 Large Page Support: Disabled
 NUMA Support: Disabled
 Compressed Oops: Enabled (32-bit)
 Heap Region Size: 1M
 Heap Min Capacity: 8M
 Heap Initial Capacity: 8M
 Heap Max Capacity: 1470M
 Pre-touch: Disabled
 Parallel Workers: 8
 Concurrent Workers: 2
 Concurrent Refinement Workers: 8
 Periodic GC: Disabled
Heap:
 garbage-first heap   total reserved 1505280K, committed 92160K, used 28542K [0x00000000a4200000, 0x0000000100000000)
  region size 1M, 14 eden (14M), 2 survivor (2M), 15 old (15M), 1 humongous (1M), 58 free (58M)
GC Heap Usage History (20 events):
Event: 0.258 {heap Before GC invocations=0 (full 0):
 garbage-first heap   total reserved 1505280K, committed 10240K, used 5283K [0x00000000a4200000, 0x0000000100000000)
  region size 1M, 4 eden (4M), 0 survivor (0M), 2 old (2M), 0 humongous (0M), 4 free (4M)
}
Event: 0.263 {heap After GC invocations=1 (full 0):
 garbage-first heap   total reserved 1505280K, committed 10240K, used 2467K [0x00000000a4200000, 0x0000000100000000)
  region size 1M, 0 eden (0M), 1 survivor (1M), 3 old (3M), 0 humongous (0M), 6 free (6M)
}
Event: 0.333 {heap Before GC invocations=1 (full 0):
 garbage-first heap   total reserved 1505280K, committed 10240K, used 3491K [0x00000000a4200000, 0x0000000100000000)
  region size 1M, 2 eden (2M), 1 survivor (1M), 3 old (3M), 0 humongous (0M), 4 free (4M)
}
Event: 0.336 {heap After GC invocations=2 (full 0):
 garbage-first heap   total reserved 1505280K, committed 10240K, used 4199K [0x00000000a4200000, 0x0000000100000000)
  region size 1M, 0 eden (0M), 1 survivor (1M), 4 old (4M), 0 humongous (0M), 5 free (5M)
}
Event: 0.359 {heap Before GC invocations=2 (full 0):
 garbage-first heap   total reserved 1505280K, committed 10240K, used 4199K [0x00000000a4200000, 0x0000000100000000)
  region size 1M, 1 eden (1M), 1 survivor (1M), 4 old (4M), 0 humongous (0M), 4 free (4M)
}
Event: 0.361 {heap After GC invocations=3 (full 0):
 garbage-first heap   total reserved 1505280K, committed 30720K, used 4659K [0x00000000a4200000, 0x0000000100000000)
  region size 1M, 0 eden (0M), 1 survivor (1M), 5 old (5M), 0 humongous (0M), 24 free (24M)
}
Event: 0.960 {heap Before GC invocations=3 (full 0):
 garbage-first heap   total reserved 1505280K, committed 30720K, used 16947K [0x00000000a4200000, 0x0000000100000000)
  region size 1M, 11 eden (11M), 1 survivor (1M), 5 old (5M), 2 humongous (2M), 11 free (11M)
}
Event: 0.964 {heap After GC invocations=4 (full 0):
 garbage-first heap   total reserved 1505280K, committed 30720K, used 6992K [0x00000000a4200000, 0x0000000100000000)
  region size 1M, 0 eden (0M), 2 survivor (2M), 5 old (5M), 1 humongous (1M), 22 free (22M)
}
Event: 1.454 {heap Before GC invocations=4 (full 0):
 garbage-first heap   total reserved 1505280K, committed 30720K, used 17232K [0x00000000a4200000, 0x0000000100000000)
  region size 1M, 11 eden (11M), 2 survivor (2M), 5 old (5M), 1 humongous (1M), 11 free (11M)
}
Event: 1.460 {heap After GC invocations=5 (full 0):
 garbage-first heap   total reserved 1505280K, committed 30720K, used 9148K [0x00000000a4200000, 0x0000000100000000)
  region size 1M, 0 eden (0M), 2 survivor (2M), 7 old (7M), 1 humongous (1M), 20 free (20M)
}
Event: 1.946 {heap Before GC invocations=5 (full 0):
 garbage-first heap   total reserved 1505280K, committed 30720K, used 20412K [0x00000000a4200000, 0x0000000100000000)
  region size 1M, 11 eden (11M), 2 survivor (2M), 7 old (7M), 1 humongous (1M), 9 free (9M)
}
Event: 1.956 {heap After GC invocations=6 (full 0):
 garbage-first heap   total reserved 1505280K, committed 30720K, used 10849K [0x00000000a4200000, 0x0000000100000000)
  region size 1M, 0 eden (0M), 2 survivor (2M), 9 old (9M), 1 humongous (1M), 18 free (18M)
}
Event: 2.146 {heap Before GC invocations=6 (full 0):
 garbage-first heap   total reserved 1505280K, committed 30720K, used 21089K [0x00000000a4200000, 0x0000000100000000)
  region size 1M, 10 eden (10M), 2 survivor (2M), 9 old (9M), 1 humongous (1M), 8 free (8M)
}
Event: 2.153 {heap After GC invocations=7 (full 0):
 garbage-first heap   total reserved 1505280K, committed 30720K, used 13165K [0x00000000a4200000, 0x0000000100000000)
  region size 1M, 0 eden (0M), 2 survivor (2M), 11 old (11M), 1 humongous (1M), 16 free (16M)
}
Event: 2.214 {heap Before GC invocations=7 (full 0):
 garbage-first heap   total reserved 1505280K, committed 30720K, used 22381K [0x00000000a4200000, 0x0000000100000000)
  region size 1M, 9 eden (9M), 2 survivor (2M), 11 old (11M), 1 humongous (1M), 7 free (7M)
}
Event: 2.220 {heap After GC invocations=8 (full 0):
 garbage-first heap   total reserved 1505280K, committed 30720K, used 14967K [0x00000000a4200000, 0x0000000100000000)
  region size 1M, 0 eden (0M), 2 survivor (2M), 13 old (13M), 1 humongous (1M), 14 free (14M)
}
Event: 2.815 {heap Before GC invocations=8 (full 0):
 garbage-first heap   total reserved 1505280K, committed 30720K, used 23159K [0x00000000a4200000, 0x0000000100000000)
  region size 1M, 8 eden (8M), 2 survivor (2M), 13 old (13M), 1 humongous (1M), 6 free (6M)
}
Event: 2.823 {heap After GC invocations=9 (full 0):
 garbage-first heap   total reserved 1505280K, committed 30720K, used 15694K [0x00000000a4200000, 0x0000000100000000)
  region size 1M, 0 eden (0M), 1 survivor (1M), 15 old (15M), 1 humongous (1M), 13 free (13M)
}
Event: 3.233 {heap Before GC invocations=10 (full 0):
 garbage-first heap   total reserved 1505280K, committed 30720K, used 23886K [0x00000000a4200000, 0x0000000100000000)
  region size 1M, 8 eden (8M), 1 survivor (1M), 15 old (15M), 1 humongous (1M), 5 free (5M)
}
Event: 3.236 {heap After GC invocations=11 (full 0):
 garbage-first heap   total reserved 1505280K, committed 92160K, used 16254K [0x00000000a4200000, 0x0000000100000000)
  region size 1M, 0 eden (0M), 2 survivor (2M), 15 old (15M), 1 humongous (1M), 72 free (72M)
}

