# JRE version: Java(TM) SE Runtime Environment (26.0.1+8) (build 26.0.1+8-34)
# Java VM: Java HotSpot(TM) 64-Bit Server VM (26.0.1+8-34, mixed mode, sharing, tiered, compressed oops, compressed class ptrs, g1 gc, windows-amd64)
GC Precious Log:
 CardTable entry size: 512
 Card Set container configuration: InlinePtr #cards 5 size 8 Array Of Cards #cards 10 size 36 Howl #buckets 4 coarsen threshold 1843 Howl Bitmap #cards 512 size 80 coarsen threshold 460 Card regions per heap region 1 cards per card region 2048
 CPUs: 8 total, 8 available
 Memory: 5877M
 Large Page Support: Disabled
 NUMA Support: Disabled
 Compressed Oops: Enabled (32-bit)
 Heap Region Size: 1M
 Heap Min Capacity: 8M
 Heap Initial Capacity: 8M
 Heap Max Capacity: 1470M
 Pre-touch: Disabled
 Parallel Workers: 8
 Concurrent Workers: 2
 Concurrent Refinement Workers: 8
 Periodic GC: Disabled
Heap:
 garbage-first heap   total reserved 1505280K, committed 92160K, used 32084K [0x00000000a4200000, 0x0000000100000000)
  region size 1M, 17 eden (17M), 2 survivor (2M), 15 old (15M), 1 humongous (1M), 55 free (55M)
GC Heap Usage History (20 events):
Event: 0.332 {heap Before GC invocations=0 (full 0):
 garbage-first heap   total reserved 1505280K, committed 10240K, used 4259K [0x00000000a4200000, 0x0000000100000000)
  region size 1M, 4 eden (4M), 0 survivor (0M), 2 old (2M), 0 humongous (0M), 4 free (4M)
}
Event: 0.337 {heap After GC invocations=1 (full 0):
 garbage-first heap   total reserved 1505280K, committed 10240K, used 2487K [0x00000000a4200000, 0x0000000100000000)
  region size 1M, 0 eden (0M), 1 survivor (1M), 3 old (3M), 0 humongous (0M), 6 free (6M)
}
Event: 0.422 {heap Before GC invocations=1 (full 0):
 garbage-first heap   total reserved 1505280K, committed 10240K, used 3511K [0x00000000a4200000, 0x0000000100000000)
  region size 1M, 2 eden (2M), 1 survivor (1M), 3 old (3M), 0 humongous (0M), 4 free (4M)
}
Event: 0.425 {heap After GC invocations=2 (full 0):
 garbage-first heap   total reserved 1505280K, committed 10240K, used 4482K [0x00000000a4200000, 0x0000000100000000)
  region size 1M, 0 eden (0M), 1 survivor (1M), 5 old (5M), 0 humongous (0M), 4 free (4M)
}
Event: 0.464 {heap Before GC invocations=2 (full 0):
 garbage-first heap   total reserved 1505280K, committed 10240K, used 4482K [0x00000000a4200000, 0x0000000100000000)
  region size 1M, 1 eden (1M), 1 survivor (1M), 5 old (5M), 0 humongous (0M), 3 free (3M)
}
Event: 0.467 {heap After GC invocations=3 (full 0):
 garbage-first heap   total reserved 1505280K, committed 30720K, used 4904K [0x00000000a4200000, 0x0000000100000000)
  region size 1M, 0 eden (0M), 1 survivor (1M), 6 old (6M), 0 humongous (0M), 23 free (23M)
}
Event: 1.034 {heap Before GC invocations=3 (full 0):
 garbage-first heap   total reserved 1505280K, committed 30720K, used 16168K [0x00000000a4200000, 0x0000000100000000)
  region size 1M, 10 eden (10M), 1 survivor (1M), 6 old (6M), 2 humongous (2M), 11 free (11M)
}
Event: 1.037 {heap After GC invocations=4 (full 0):
 garbage-first heap   total reserved 1505280K, committed 30720K, used 7315K [0x00000000a4200000, 0x0000000100000000)
  region size 1M, 0 eden (0M), 2 survivor (2M), 6 old (6M), 1 humongous (1M), 21 free (21M)
}
Event: 1.446 {heap Before GC invocations=4 (full 0):
 garbage-first heap   total reserved 1505280K, committed 30720K, used 16531K [0x00000000a4200000, 0x0000000100000000)
  region size 1M, 10 eden (10M), 2 survivor (2M), 6 old (6M), 1 humongous (1M), 11 free (11M)
}
Event: 1.451 {heap After GC invocations=5 (full 0):
 garbage-first heap   total reserved 1505280K, committed 30720K, used 8732K [0x00000000a4200000, 0x0000000100000000)
  region size 1M, 0 eden (0M), 2 survivor (2M), 7 old (7M), 1 humongous (1M), 20 free (20M)
}
Event: 1.888 {heap Before GC invocations=5 (full 0):
 garbage-first heap   total reserved 1505280K, committed 30720K, used 19996K [0x00000000a4200000, 0x0000000100000000)
  region size 1M, 11 eden (11M), 2 survivor (2M), 7 old (7M), 1 humongous (1M), 9 free (9M)
}
Event: 1.897 {heap After GC invocations=6 (full 0):
 garbage-first heap   total reserved 1505280K, committed 30720K, used 10706K [0x00000000a4200000, 0x0000000100000000)
  region size 1M, 0 eden (0M), 2 survivor (2M), 9 old (9M), 1 humongous (1M), 18 free (18M)
}
Event: 2.114 {heap Before GC invocations=6 (full 0):
 garbage-first heap   total reserved 1505280K, committed 30720K, used 20946K [0x00000000a4200000, 0x0000000100000000)
  region size 1M, 10 eden (10M), 2 survivor (2M), 9 old (9M), 1 humongous (1M), 8 free (8M)
}
Event: 2.122 {heap After GC invocations=7 (full 0):
 garbage-first heap   total reserved 1505280K, committed 30720K, used 13064K [0x00000000a4200000, 0x0000000100000000)
  region size 1M, 0 eden (0M), 2 survivor (2M), 11 old (11M), 1 humongous (1M), 16 free (16M)
}
Event: 2.177 {heap Before GC invocations=7 (full 0):
 garbage-first heap   total reserved 1505280K, committed 30720K, used 22280K [0x00000000a4200000, 0x0000000100000000)
  region size 1M, 9 eden (9M), 2 survivor (2M), 11 old (11M), 1 humongous (1M), 7 free (7M)
}
Event: 2.184 {heap After GC invocations=8 (full 0):
 garbage-first heap   total reserved 1505280K, committed 30720K, used 15144K [0x00000000a4200000, 0x0000000100000000)
  region size 1M, 0 eden (0M), 2 survivor (2M), 13 old (13M), 1 humongous (1M), 14 free (14M)
}
Event: 2.544 {heap Before GC invocations=8 (full 0):
 garbage-first heap   total reserved 1505280K, committed 30720K, used 23336K [0x00000000a4200000, 0x0000000100000000)
  region size 1M, 8 eden (8M), 2 survivor (2M), 13 old (13M), 1 humongous (1M), 6 free (6M)
}
Event: 2.550 {heap After GC invocations=9 (full 0):
 garbage-first heap   total reserved 1505280K, committed 30720K, used 15970K [0x00000000a4200000, 0x0000000100000000)
  region size 1M, 0 eden (0M), 1 survivor (1M), 15 old (15M), 1 humongous (1M), 13 free (13M)
}
Event: 3.081 {heap Before GC invocations=10 (full 0):
 garbage-first heap   total reserved 1505280K, committed 30720K, used 24162K [0x00000000a4200000, 0x0000000100000000)
  region size 1M, 8 eden (8M), 1 survivor (1M), 15 old (15M), 1 humongous (1M), 5 free (5M)
}
Event: 3.086 {heap After GC invocations=11 (full 0):
 garbage-first heap   total reserved 1505280K, committed 92160K, used 16724K [0x00000000a4200000, 0x0000000100000000)
  region size 1M, 0 eden (0M), 2 survivor (2M), 15 old (15M), 1 humongous (1M), 72 free (72M)
}

