<?xml version="1.0" encoding="UTF-8"?>
<testng-results ignored="0" total="1" passed="1" failed="0" skipped="0">
  <reporter-output>
  </reporter-output>
  <suite started-at="2026-08-03T15:24:04 PST" name="Surefire suite" finished-at="2026-08-03T15:24:36 PST" duration-ms="32020">
    <groups>
    </groups>
    <test started-at="2026-08-03T15:24:04 PST" name="Surefire test" finished-at="2026-08-03T15:24:36 PST" duration-ms="32020">
      <class name="tests.TC23_VerifyAddressDetailsInCheckoutTest">
        <test-method is-config="true" signature="setup()[pri:0, instance:tests.TC23_VerifyAddressDetailsInCheckoutTest@2a40cd94]" started-at="2026-08-03T15:24:04 PST" name="setup" finished-at="2026-08-03T15:24:12 PST" duration-ms="8315" status="PASS">
          <reporter-output>
          </reporter-output>
        </test-method> <!-- setup -->
        <test-method signature="verifyAddressDetailsInCheckoutPage()[pri:0, instance:tests.TC23_VerifyAddressDetailsInCheckoutTest@2a40cd94]" started-at="2026-08-03T15:24:12 PST" name="verifyAddressDetailsInCheckoutPage" finished-at="2026-08-03T15:24:35 PST" duration-ms="22979" status="PASS">
          <reporter-output>
          </reporter-output>
        </test-method> <!-- verifyAddressDetailsInCheckoutPage -->
        <test-method is-config="true" signature="tearDown()[pri:0, instance:tests.TC23_VerifyAddressDetailsInCheckoutTest@2a40cd94]" started-at="2026-08-03T15:24:35 PST" name="tearDown" finished-at="2026-08-03T15:24:36 PST" duration-ms="640" status="PASS">
          <reporter-output>
          </reporter-output>
        </test-method> <!-- tearDown -->
      </class> <!-- tests.TC23_VerifyAddressDetailsInCheckoutTest -->
    </test> <!-- Surefire test -->
  </suite> <!-- Surefire suite -->
</testng-results>
