<?xml version="1.0" encoding="UTF-8"?>
<!-- Generated by org.testng.reporters.JUnitReportReporter -->
<testsuite hostname="LAPTOP-JLOHLPOS" failures="0" tests="1" name="tests.TC26_VerifyScrollUpWithoutArrowButtonAndScrollDownFunctionalityTest" time="10.244" errors="0" timestamp="2026-08-03T15:01:12 PST" skipped="0">
  <testcase classname="tests.TC26_VerifyScrollUpWithoutArrowButtonAndScrollDownFunctionalityTest" name="verifyScrollUpWithoutArrowButtonAndScrollDown" time="10.244"/>
</testsuite> <!-- tests.TC26_VerifyScrollUpWithoutArrowButtonAndScrollDownFunctionalityTest -->
