<?xml version="1.0" encoding="UTF-8"?>
<!-- Generated by org.testng.reporters.JUnitReportReporter -->
<testsuite hostname="LAPTOP-JLOHLPOS" failures="0" tests="1" name="tests.TC20_SearchProductsAndVerifyCartAfterLoginTest" time="23.153" errors="0" timestamp="2026-08-03T14:23:25 PST" skipped="0">
  <testcase classname="tests.TC20_SearchProductsAndVerifyCartAfterLoginTest" name="verifySearchProductsAndCartAfterLogin" time="23.153"/>
</testsuite> <!-- tests.TC20_SearchProductsAndVerifyCartAfterLoginTest -->
