<?xml version="1.0" encoding="UTF-8"?>
<!-- Generated by org.testng.reporters.JUnitReportReporter -->
<testsuite hostname="LAPTOP-JLOHLPOS" failures="0" tests="1" name="tests.TC03_LoginUserWithIncorrectEmailAndPasswordTest" time="10.172" errors="0" timestamp="2026-08-03T13:54:36 PST" skipped="0">
  <testcase classname="tests.TC03_LoginUserWithIncorrectEmailAndPasswordTest" name="tc03_LoginUserWithIncorrectEmailAndPassword" time="10.172"/>
</testsuite> <!-- tests.TC03_LoginUserWithIncorrectEmailAndPasswordTest -->
