<?xml version="1.0" encoding="UTF-8"?>
<!-- Generated by org.testng.reporters.JUnitReportReporter -->
<testsuite hostname="LAPTOP-JLOHLPOS" failures="0" tests="1" name="tests.TC25_VerifyScrollUpUsingArrowButtonAndScrollDownFunctionalityTest" time="10.605" errors="0" timestamp="2026-08-03T14:27:14 PST" skipped="0">
  <testcase classname="tests.TC25_VerifyScrollUpUsingArrowButtonAndScrollDownFunctionalityTest" name="verifyScrollUpUsingArrowButtonAndScrollDown" time="10.605"/>
</testsuite> <!-- tests.TC25_VerifyScrollUpUsingArrowButtonAndScrollDownFunctionalityTest -->
